<?xml version="1.0" encoding="UTF-8"?>
<testsuite xmlns:xsi="http://www.w3.org/2001/XMLSchema-instance" xsi:noNamespaceSchemaLocation="https://maven.apache.org/surefire/maven-surefire-plugin/xsd/surefire-test-report.xsd" version="3.0.2" name="com.elgrangremio.gremioproyect.GremioproyectApplicationTests" time="3.902" tests="1" errors="0" skipped="0" failures="0">
  <properties>
[...]
</properties>
  <testcase name="contextLoads" classname="com.elgrangremio.gremioproyect.GremioproyectApplicationTests" time="0.692">
    <system-out><![CDATA[03:54:14.170 [main] INFO org.springframework.test.context.support.AnnotationConfigContextLoaderUtils -- Could not detect default configuration classes for test class [com.elgrangremio.gremioproyect.GremioproyectApplicationTests]: GremioproyectApplicationTests does not declare any static, non-private, non-final, nested classes annotated with @Configuration.
03:54:14.269 [main] INFO org.springframework.boot.test.context.SpringBootTestContextBootstrapper -- Found @SpringBootConfiguration com.elgrangremio.gremioproyect.GremioproyectApplication for test class com.elgrangremio.gremioproyect.GremioproyectApplicationTests

  .   ____          _            __ _ _
 /\\ / ___'_ __ _ _(_)_ __  __ _ \ \ \ \
( ( )\___ | '_ | '_| | '_ \/ _` | \ \ \ \
 \\/  ___)| |_)| | | | | || (_| |  ) ) ) )
  '  |____| .__|_| |_|_| |_\__, | / / / /
 =========|_|==============|___/=/_/_/_/

 :: Spring Boot ::                (v3.4.4)

2025-05-15T03:54:14.648-05:00  INFO 5000 --- [gremioproyect] [           main] c.e.g.GremioproyectApplicationTests      : Starting GremioproyectApplicationTests using Java 21.0.6 with PID 5000 (started by mateo in D:\Opera\CRUD_El_Gran_Gremio-main\gremioproyect\gremioproyect)
2025-05-15T03:54:14.649-05:00  INFO 5000 --- [gremioproyect] [           main] c.e.g.GremioproyectApplicationTests      : No active profile set, falling back to 1 default profile: "default"
2025-05-15T03:54:15.403-05:00  INFO 5000 --- [gremioproyect] [           main] .s.d.r.c.RepositoryConfigurationDelegate : Bootstrapping Spring Data MongoDB repositories in DEFAULT mode.
2025-05-15T03:54:15.452-05:00  INFO 5000 --- [gremioproyect] [           main] .s.d.r.c.RepositoryConfigurationDelegate : Finished Spring Data repository scanning in 44 ms. Found 3 MongoDB repository interfaces.
2025-05-15T03:54:16.063-05:00  INFO 5000 --- [gremioproyect] [           main] org.mongodb.driver.client                : MongoClient with metadata {"application": {"name": "ElGranGremio"}, "driver": {"name": "mongo-java-driver|sync|spring-boot", "version": "5.2.1"}, "os": {"type": "Windows", "name": "Windows 11", "architecture": "amd64", "version": "10.0"}, "platform": "Java/Eclipse Adoptium/21.0.6+7-LTS"} created with settings MongoClientSettings{readPreference=primary, writeConcern=WriteConcern{w=majority, wTimeout=null ms, journal=null}, retryWrites=true, retryReads=true, readConcern=ReadConcern{level=null}, credential=MongoCredential{mechanism=null, userName='gremioAdmin', source='admin', password=<hidden>, mechanismProperties=<hidden>}, transportSettings=null, commandListeners=[io.micrometer.core.instrument.binder.mongodb.MongoMetricsCommandListener@7d37ee0c], codecRegistry=ProvidersCodecRegistry{codecProviders=[ValueCodecProvider{}, BsonValueCodecProvider{}, DBRefCodecProvider{}, DBObjectCodecProvider{}, DocumentCodecProvider{}, CollectionCodecProvider{}, IterableCodecProvider{}, MapCodecProvider{}, GeoJsonCodecProvider{}, GridFSFileCodecProvider{}, Jsr310CodecProvider{}, JsonObjectCodecProvider{}, BsonCodecProvider{}, EnumCodecProvider{}, com.mongodb.client.model.mql.ExpressionCodecProvider@5a7b309b, com.mongodb.Jep395RecordCodecProvider@4602f874, com.mongodb.KotlinCodecProvider@7739aac4]}, loggerSettings=LoggerSettings{maxDocumentLength=1000}, clusterSettings={hosts=[127.0.0.1:27017], srvHost=elgrangremio.vndrao7.mongodb.net, srvServiceName=mongodb, mode=MULTIPLE, requiredClusterType=REPLICA_SET, requiredReplicaSetName='atlas-kqjkcf-shard-0', serverSelector='null', clusterListeners='[]', serverSelectionTimeout='30000 ms', localThreshold='15 ms'}, socketSettings=SocketSettings{connectTimeoutMS=10000, readTimeoutMS=0, receiveBufferSize=0, proxySettings=ProxySettings{host=null, port=null, username=null, password=null}}, heartbeatSocketSettings=SocketSettings{connectTimeoutMS=10000, readTimeoutMS=10000, receiveBufferSize=0, proxySettings=ProxySettings{host=null, port=null, username=null, password=null}}, connectionPoolSettings=ConnectionPoolSettings{maxSize=100, minSize=0, maxWaitTimeMS=120000, maxConnectionLifeTimeMS=0, maxConnectionIdleTimeMS=0, maintenanceInitialDelayMS=0, maintenanceFrequencyMS=60000, connectionPoolListeners=[io.micrometer.core.instrument.binder.mongodb.MongoMetricsConnectionPoolListener@353c6da1], maxConnecting=2}, serverSettings=ServerSettings{heartbeatFrequencyMS=10000, minHeartbeatFrequencyMS=500, serverMonitoringMode=AUTO, serverListeners='[]', serverMonitorListeners='[]'}, sslSettings=SslSettings{enabled=true, invalidHostNameAllowed=false, context=null}, applicationName='ElGranGremio', compressorList=[], uuidRepresentation=JAVA_LEGACY, serverApi=null, autoEncryptionSettings=null, dnsClient=null, inetAddressResolver=null, contextProvider=null, timeoutMS=null}
2025-05-15T03:54:16.241-05:00  INFO 5000 --- [gremioproyect] [ao7.mongodb.net] org.mongodb.driver.cluster               : Adding discovered server ac-cbbx6fj-shard-00-02.vndrao7.mongodb.net:27017 to client view of cluster
2025-05-15T03:54:16.270-05:00  INFO 5000 --- [gremioproyect] [ao7.mongodb.net] org.mongodb.driver.cluster               : Adding discovered server ac-cbbx6fj-shard-00-01.vndrao7.mongodb.net:27017 to client view of cluster
2025-05-15T03:54:16.272-05:00  INFO 5000 --- [gremioproyect] [ao7.mongodb.net] org.mongodb.driver.cluster               : Adding discovered server ac-cbbx6fj-shard-00-00.vndrao7.mongodb.net:27017 to client view of cluster
2025-05-15T03:54:16.580-05:00  INFO 5000 --- [gremioproyect] [           main] o.s.b.a.w.s.WelcomePageHandlerMapping    : Adding welcome page: class path resource [static/index.html]
2025-05-15T03:54:16.833-05:00  INFO 5000 --- [gremioproyect] [           main] o.s.b.a.e.web.EndpointLinksResolver      : Exposing 1 endpoint beneath base path '/actuator'
2025-05-15T03:54:17.178-05:00  INFO 5000 --- [gremioproyect] [           main] c.e.g.GremioproyectApplicationTests      : Started GremioproyectApplicationTests in 2.785 seconds (process running for 3.589)
2025-05-15T03:54:17.489-05:00  INFO 5000 --- [gremioproyect] [ngodb.net:27017] org.mongodb.driver.cluster               : Monitor thread successfully connected to server with description ServerDescription{address=ac-cbbx6fj-shard-00-01.vndrao7.mongodb.net:27017, type=REPLICA_SET_PRIMARY, cryptd=false, state=CONNECTED, ok=true, minWireVersion=0, maxWireVersion=25, maxDocumentSize=16777216, logicalSessionTimeoutMinutes=30, roundTripTimeNanos=484022500, minRoundTripTimeNanos=0, setName='atlas-kqjkcf-shard-0', canonicalAddress=ac-cbbx6fj-shard-00-01.vndrao7.mongodb.net:27017, hosts=[ac-cbbx6fj-shard-00-02.vndrao7.mongodb.net:27017, ac-cbbx6fj-shard-00-00.vndrao7.mongodb.net:27017, ac-cbbx6fj-shard-00-01.vndrao7.mongodb.net:27017], passives=[], arbiters=[], primary='ac-cbbx6fj-shard-00-01.vndrao7.mongodb.net:27017', tagSet=TagSet{[Tag{name='availabilityZone', value='usw2-az1'}, Tag{name='diskState', value='READY'}, Tag{name='nodeType', value='ELECTABLE'}, Tag{name='provider', value='AWS'}, Tag{name='region', value='US_WEST_2'}, Tag{name='workloadType', value='OPERATIONAL'}]}, electionId=7fffffff00000000000000bd, setVersion=11, topologyVersion=TopologyVersion{processId=682255c3fe73dc91acf8a26c, counter=6}, lastWriteDate=Thu May 15 03:54:01 COT 2025, lastUpdateTimeNanos=10281418407600}
2025-05-15T03:54:17.490-05:00  INFO 5000 --- [gremioproyect] [ngodb.net:27017] org.mongodb.driver.cluster               : Monitor thread successfully connected to server with description ServerDescription{address=ac-cbbx6fj-shard-00-00.vndrao7.mongodb.net:27017, type=REPLICA_SET_SECONDARY, cryptd=false, state=CONNECTED, ok=true, minWireVersion=0, maxWireVersion=25, maxDocumentSize=16777216, logicalSessionTimeoutMinutes=30, roundTripTimeNanos=504383500, minRoundTripTimeNanos=0, setName='atlas-kqjkcf-shard-0', canonicalAddress=ac-cbbx6fj-shard-00-00.vndrao7.mongodb.net:27017, hosts=[ac-cbbx6fj-shard-00-02.vndrao7.mongodb.net:27017, ac-cbbx6fj-shard-00-00.vndrao7.mongodb.net:27017, ac-cbbx6fj-shard-00-01.vndrao7.mongodb.net:27017], passives=[], arbiters=[], primary='ac-cbbx6fj-shard-00-01.vndrao7.mongodb.net:27017', tagSet=TagSet{[Tag{name='availabilityZone', value='usw2-az2'}, Tag{name='diskState', value='READY'}, Tag{name='nodeType', value='ELECTABLE'}, Tag{name='provider', value='AWS'}, Tag{name='region', value='US_WEST_2'}, Tag{name='workloadType', value='OPERATIONAL'}]}, electionId=null, setVersion=11, topologyVersion=TopologyVersion{processId=6822556d7dadeee8b45038a6, counter=4}, lastWriteDate=Thu May 15 03:54:01 COT 2025, lastUpdateTimeNanos=10281416713800}
2025-05-15T03:54:17.492-05:00  INFO 5000 --- [gremioproyect] [ngodb.net:27017] org.mongodb.driver.cluster               : Discovered replica set primary ac-cbbx6fj-shard-00-01.vndrao7.mongodb.net:27017 with max election id 7fffffff00000000000000bd and max set version 11
2025-05-15T03:54:17.758-05:00  INFO 5000 --- [gremioproyect] [ngodb.net:27017] org.mongodb.driver.cluster               : Monitor thread successfully connected to server with description ServerDescription{address=ac-cbbx6fj-shard-00-02.vndrao7.mongodb.net:27017, type=REPLICA_SET_SECONDARY, cryptd=false, state=CONNECTED, ok=true, minWireVersion=0, maxWireVersion=25, maxDocumentSize=16777216, logicalSessionTimeoutMinutes=30, roundTripTimeNanos=332911500, minRoundTripTimeNanos=0, setName='atlas-kqjkcf-shard-0', canonicalAddress=ac-cbbx6fj-shard-00-02.vndrao7.mongodb.net:27017, hosts=[ac-cbbx6fj-shard-00-02.vndrao7.mongodb.net:27017, ac-cbbx6fj-shard-00-00.vndrao7.mongodb.net:27017, ac-cbbx6fj-shard-00-01.vndrao7.mongodb.net:27017], passives=[], arbiters=[], primary='ac-cbbx6fj-shard-00-01.vndrao7.mongodb.net:27017', tagSet=TagSet{[Tag{name='availabilityZone', value='usw2-az3'}, Tag{name='diskState', value='READY'}, Tag{name='nodeType', value='ELECTABLE'}, Tag{name='provider', value='AWS'}, Tag{name='region', value='US_WEST_2'}, Tag{name='workloadType', value='OPERATIONAL'}]}, electionId=null, setVersion=11, topologyVersion=TopologyVersion{processId=6822564f521ce0cb1814a9f2, counter=3}, lastWriteDate=Thu May 15 03:54:01 COT 2025, lastUpdateTimeNanos=10281688986900}
]]></system-out>
    <system-err><![CDATA[Mockito is currently self-attaching to enable the inline-mock-maker. This will no longer work in future releases of the JDK. Please add Mockito as an agent to your build what is described in Mockito's documentation: https://javadoc.io/doc/org.mockito/mockito-core/latest/org/mockito/Mockito.html#0.3
WARNING: A Java agent has been loaded dynamically (C:\Users\mateo\.m2\repository\net\bytebuddy\byte-buddy-agent\1.15.11\byte-buddy-agent-1.15.11.jar)
WARNING: If a serviceability tool is in use, please run with -XX:+EnableDynamicAgentLoading to hide this warning
WARNING: If a serviceability tool is not in use, please run with -Djdk.instrument.traceUsage for more information
WARNING: Dynamic loading of agents will be disallowed by default in a future release
]]></system-err>
  </testcase>
</testsuite>